Traceback (most recent call last):
  File "/Users/rajdeep_ch/opt/anaconda3/lib/python3.9/site-packages/jupyter_cache/executors/utils.py", line 51, in single_nb_execution
    executenb(
  File "/Users/rajdeep_ch/opt/anaconda3/lib/python3.9/site-packages/nbclient/client.py", line 1204, in execute
    return NotebookClient(nb=nb, resources=resources, km=km, **kwargs).execute()
  File "/Users/rajdeep_ch/opt/anaconda3/lib/python3.9/site-packages/nbclient/util.py", line 84, in wrapped
    return just_run(coro(*args, **kwargs))
  File "/Users/rajdeep_ch/opt/anaconda3/lib/python3.9/site-packages/nbclient/util.py", line 62, in just_run
    return loop.run_until_complete(coro)
  File "/Users/rajdeep_ch/opt/anaconda3/lib/python3.9/asyncio/base_events.py", line 647, in run_until_complete
    return future.result()
  File "/Users/rajdeep_ch/opt/anaconda3/lib/python3.9/site-packages/nbclient/client.py", line 663, in async_execute
    await self.async_execute_cell(
  File "/Users/rajdeep_ch/opt/anaconda3/lib/python3.9/site-packages/nbclient/client.py", line 965, in async_execute_cell
    await self._check_raise_for_error(cell, cell_index, exec_reply)
  File "/Users/rajdeep_ch/opt/anaconda3/lib/python3.9/site-packages/nbclient/client.py", line 862, in _check_raise_for_error
    raise CellExecutionError.from_cell_and_msg(cell, exec_reply_content)
nbclient.exceptions.CellExecutionError: An error occurred while executing the following cell:
------------------
head_tail = ['h','t']
head_tail_dict = {'h' : 'Heads', 't' : 'Tails'}

comp_choice = random.choice(head_tail)
comp_output = head_tail_dict[comp_choice]

user_choice = input("Choose between Heads and Tails: ").lower()

if user_choice[0] == comp_choice:

    print("You win! \nThe computer selected {} as well!".format(comp_output))

else:

    print("Bad luck. \nThe computer selected {}.".format(comp_output))


------------------

[0;31m---------------------------------------------------------------------------[0m
[0;31mStdinNotImplementedError[0m                  Traceback (most recent call last)
Input [0;32mIn [4][0m, in [0;36m<cell line: 7>[0;34m()[0m
[1;32m      4[0m comp_choice [38;5;241m=[39m random[38;5;241m.[39mchoice(head_tail)
[1;32m      5[0m comp_output [38;5;241m=[39m head_tail_dict[comp_choice]
[0;32m----> 7[0m user_choice [38;5;241m=[39m [38;5;28;43minput[39;49m[43m([49m[38;5;124;43m"[39;49m[38;5;124;43mChoose between Heads and Tails: [39;49m[38;5;124;43m"[39;49m[43m)[49m[38;5;241m.[39mlower()
[1;32m      9[0m [38;5;28;01mif[39;00m user_choice[[38;5;241m0[39m] [38;5;241m==[39m comp_choice:
[1;32m     11[0m     [38;5;28mprint[39m([38;5;124m"[39m[38;5;124mYou win! [39m[38;5;130;01m\n[39;00m[38;5;124mThe computer selected [39m[38;5;132;01m{}[39;00m[38;5;124m as well![39m[38;5;124m"[39m[38;5;241m.[39mformat(comp_output))

File [0;32m~/opt/anaconda3/lib/python3.9/site-packages/ipykernel/kernelbase.py:1072[0m, in [0;36mKernel.raw_input[0;34m(self, prompt)[0m
[1;32m   1065[0m [38;5;124;03m"""Forward raw_input to frontends[39;00m
[1;32m   1066[0m 
[1;32m   1067[0m [38;5;124;03mRaises[39;00m
[1;32m   1068[0m [38;5;124;03m------[39;00m
[1;32m   1069[0m [38;5;124;03mStdinNotImplementedError if active frontend doesn't support stdin.[39;00m
[1;32m   1070[0m [38;5;124;03m"""[39;00m
[1;32m   1071[0m [38;5;28;01mif[39;00m [38;5;129;01mnot[39;00m [38;5;28mself[39m[38;5;241m.[39m_allow_stdin:
[0;32m-> 1072[0m     [38;5;28;01mraise[39;00m StdinNotImplementedError(
[1;32m   1073[0m         [38;5;124m"[39m[38;5;124mraw_input was called, but this frontend does not support input requests.[39m[38;5;124m"[39m
[1;32m   1074[0m     )
[1;32m   1075[0m [38;5;28;01mreturn[39;00m [38;5;28mself[39m[38;5;241m.[39m_input_request(
[1;32m   1076[0m     [38;5;28mstr[39m(prompt),
[1;32m   1077[0m     [38;5;28mself[39m[38;5;241m.[39m_parent_ident[[38;5;124m"[39m[38;5;124mshell[39m[38;5;124m"[39m],
[1;32m   1078[0m     [38;5;28mself[39m[38;5;241m.[39mget_parent([38;5;124m"[39m[38;5;124mshell[39m[38;5;124m"[39m),
[1;32m   1079[0m     password[38;5;241m=[39m[38;5;28;01mFalse[39;00m,
[1;32m   1080[0m )

[0;31mStdinNotImplementedError[0m: raw_input was called, but this frontend does not support input requests.
StdinNotImplementedError: raw_input was called, but this frontend does not support input requests.

